C:\PROYECTOS C++ VS2010\SCADA ALERT SERVER\DEBUG\SCADA ALERT SERVER.EXE
C:\PROYECTOS C++ VS2010\SCADA ALERT SERVER\DEBUG\SCADA ALERT SERVER.ILK
C:\PROYECTOS C++ VS2010\SCADA ALERT SERVER\DEBUG\SCADA ALERT SERVER.PDB
C:\Proyectos C++ VS2010\SCADA Alert Server\SCADA Alert Server\Debug\cl.command.1.tlog
C:\Proyectos C++ VS2010\SCADA Alert Server\SCADA Alert Server\Debug\CL.read.1.tlog
C:\Proyectos C++ VS2010\SCADA Alert Server\SCADA Alert Server\Debug\CL.write.1.tlog
C:\Proyectos C++ VS2010\SCADA Alert Server\SCADA Alert Server\Debug\link.command.1.tlog
C:\Proyectos C++ VS2010\SCADA Alert Server\SCADA Alert Server\Debug\link.read.1.tlog
C:\Proyectos C++ VS2010\SCADA Alert Server\SCADA Alert Server\Debug\link.write.1.tlog
C:\Proyectos C++ VS2010\SCADA Alert Server\SCADA Alert Server\Debug\link-cvtres.read.1.tlog
C:\Proyectos C++ VS2010\SCADA Alert Server\SCADA Alert Server\Debug\link-cvtres.write.1.tlog
C:\Proyectos C++ VS2010\SCADA Alert Server\SCADA Alert Server\Debug\mt.command.1.tlog
C:\Proyectos C++ VS2010\SCADA Alert Server\SCADA Alert Server\Debug\mt.read.1.tlog
C:\Proyectos C++ VS2010\SCADA Alert Server\SCADA Alert Server\Debug\mt.write.1.tlog
C:\Proyectos C++ VS2010\SCADA Alert Server\SCADA Alert Server\Debug\rc.command.1.tlog
C:\Proyectos C++ VS2010\SCADA Alert Server\SCADA Alert Server\Debug\rc.read.1.tlog
C:\Proyectos C++ VS2010\SCADA Alert Server\SCADA Alert Server\Debug\rc.write.1.tlog
C:\PROYECTOS C++ VS2010\SCADA ALERT SERVER\SCADA ALERT SERVER\DEBUG\SCADA ALERT SERVER.EXE.EMBED.MANIFEST
C:\PROYECTOS C++ VS2010\SCADA ALERT SERVER\SCADA ALERT SERVER\DEBUG\SCADA ALERT SERVER.EXE.EMBED.MANIFEST.RES
C:\PROYECTOS C++ VS2010\SCADA ALERT SERVER\SCADA ALERT SERVER\DEBUG\SCADA ALERT SERVER.EXE.INTERMEDIATE.MANIFEST
C:\PROYECTOS C++ VS2010\SCADA ALERT SERVER\SCADA ALERT SERVER\DEBUG\SCADA ALERT SERVER.OBJ
C:\PROYECTOS C++ VS2010\SCADA ALERT SERVER\SCADA ALERT SERVER\DEBUG\SCADA ALERT SERVER.PCH
C:\PROYECTOS C++ VS2010\SCADA ALERT SERVER\SCADA ALERT SERVER\DEBUG\SCADA ALERT SERVER.RES
C:\Proyectos C++ VS2010\SCADA Alert Server\SCADA Alert Server\Debug\SCADA Alert Server_manifest.rc
C:\PROYECTOS C++ VS2010\SCADA ALERT SERVER\SCADA ALERT SERVER\DEBUG\STDAFX.OBJ
C:\Proyectos C++ VS2010\SCADA Alert Server\SCADA Alert Server\Debug\vc100.idb
C:\PROYECTOS C++ VS2010\SCADA ALERT SERVER\SCADA ALERT SERVER\DEBUG\VC100.PDB
